\BOOKMARK [0][-]{chapter.1}{\376\377\004\035\004\060\004\067\004\075\004\060\004\107\004\065\004\075\004\070\004\065\000\040\004\070\000\040\004\103\004\101\004\073\004\076\004\062\004\070\004\117\000\040\004\077\004\100\004\070\004\074\004\065\004\075\004\065\004\075\004\070\004\117\000\040\004\077\004\100\004\076\004\063\004\100\004\060\004\074\004\074\004\113}{}% 1
\BOOKMARK [0][-]{chapter.2}{\376\377\004\045\004\060\004\100\004\060\004\072\004\102\004\065\004\100\004\070\004\101\004\102\004\070\004\072\004\070\000\040\004\077\004\100\004\076\004\063\004\100\004\060\004\074\004\074\004\113}{}% 2
\BOOKMARK [1][-]{section.2.1}{\376\377\004\030\004\075\004\101\004\102\004\100\004\103\004\072\004\106\004\070\004\070\000\040\004\077\004\076\000\040\004\103\004\101\004\102\004\060\004\075\004\076\004\062\004\072\004\065}{chapter.2}% 3
\BOOKMARK [2][-]{subsection.2.1.1}{\376\377\004\043\004\101\004\102\004\060\004\075\004\076\004\062\004\072\004\060\000\040\004\101\004\100\004\065\004\064\004\113\000\040\004\100\004\060\004\067\004\100\004\060\004\061\004\076\004\102\004\072\004\070\000\040\000\253\000B\000e\000r\000e\000m\000i\000z\000\273\000\040\004\077\004\076\004\064\000\040\004\076\004\077\004\065\004\100\004\060\004\106\004\070\004\076\004\075\004\075\004\103\004\116\000\040\004\101\004\070\004\101\004\102\004\065\004\074\004\103\000\040\000W\000i\000n\000d\000o\000w\000s\000\040\0007}{section.2.1}% 4
\BOOKMARK [1][-]{section.2.2}{\376\377\004\040\004\103\004\072\004\076\004\062\004\076\004\064\004\101\004\102\004\062\004\076\000\040\004\077\004\100\004\076\004\063\004\100\004\060\004\074\004\074\004\070\004\101\004\102\004\060}{chapter.2}% 5
\BOOKMARK [2][-]{subsection.2.2.1}{\376\377\004\036\004\061\004\100\004\060\004\111\004\065\004\075\004\070\004\065\000\040\004\072\000\040\004\077\004\100\004\076\004\063\004\100\004\060\004\074\004\074\004\065\000.\000\040\004\022\004\105\004\076\004\064\004\075\004\113\004\065\000\040\004\070\000\040\004\062\004\113\004\105\004\076\004\064\004\075\004\113\004\065\000\040\004\064\004\060\004\075\004\075\004\113\004\065}{section.2.2}% 6
\BOOKMARK [2][-]{subsection.2.2.2}{\376\377\004\036\004\101\004\075\004\076\004\062\004\075\004\113\004\065\000\040\004\102\004\065\004\100\004\074\004\070\004\075\004\113\000\040\004\070\000\040\004\076\004\077\004\100\004\065\004\064\004\065\004\073\004\065\004\075\004\070\004\117}{section.2.2}% 7
\BOOKMARK [2][-]{subsection.2.2.3}{\376\377\004\036\004\101\004\075\004\076\004\062\004\075\004\113\004\065\000\040\004\072\004\076\004\074\004\077\004\076\004\075\004\065\004\075\004\102\004\113\000\040\004\101\004\100\004\065\004\064\004\113\000\040\000B\000e\000r\000e\000m\000i\000z}{section.2.2}% 8
\BOOKMARK [2][-]{subsection.2.2.4}{\376\377\004\040\004\060\004\061\004\076\004\102\004\060\000\040\004\101\000\040\004\077\004\100\004\076\004\065\004\072\004\102\004\076\004\074}{section.2.2}% 9
\BOOKMARK [2][-]{subsection.2.2.5}{\376\377\004\036\004\077\004\070\004\101\004\060\004\075\004\070\004\065\000\040\004\061\004\070\004\061\004\073\004\070\004\076\004\102\004\065\004\072\004\070\000\040\004\104\004\103\004\075\004\072\004\106\004\070\004\071\000\040\004\070\000\040\004\104\004\103\004\075\004\072\004\106\004\070\004\076\004\075\004\060\004\073\004\114\004\075\004\113\004\105\000\040\004\061\004\073\004\076\004\072\004\076\004\062}{section.2.2}% 10
\BOOKMARK [1][-]{section.2.3}{\376\377\004\057\004\067\004\113\004\072\004\070\000\040\004\101\004\102\004\060\004\075\004\064\004\060\004\100\004\102\004\060\000\040\004\034\004\055\004\032\000\040\0006\0001\0001\0003\0001\000-\0003}{chapter.2}% 11
\BOOKMARK [2][-]{subsection.2.3.1}{\376\377\004\036\004\061\004\111\004\070\004\065\000\040\004\101\004\062\004\065\004\064\004\065\004\075\004\070\004\117\000\040\004\076\000\040\004\117\004\067\004\113\004\072\004\065\000\040\000S\000T}{section.2.3}% 12
\BOOKMARK [2][-]{subsection.2.3.2}{\376\377\004\036\004\061\004\111\004\070\004\065\000\040\004\101\004\062\004\065\004\064\004\065\004\075\004\070\004\117\000\040\004\076\000\040\004\117\004\067\004\113\004\072\004\065\000\040\000I\000L}{section.2.3}% 13
\BOOKMARK [2][-]{subsection.2.3.3}{\376\377\004\036\004\061\004\111\004\070\004\065\000\040\004\101\004\062\004\065\004\064\004\065\004\075\004\070\004\117\000\040\004\076\000\040\004\117\004\067\004\113\004\072\004\065\000\040\000L\000D}{section.2.3}% 14
\BOOKMARK [2][-]{subsection.2.3.4}{\376\377\004\036\004\061\004\111\004\070\004\065\000\040\004\101\004\062\004\065\004\064\004\065\004\075\004\070\004\117\000\040\004\076\000\040\004\117\004\067\004\113\004\072\004\065\000\040\000S\000F\000C}{section.2.3}% 15
\BOOKMARK [2][-]{subsection.2.3.5}{\376\377\004\036\004\061\004\111\004\070\004\065\000\040\004\101\004\062\004\065\004\064\004\065\004\075\004\070\004\117\000\040\004\076\000\040\004\117\004\067\004\113\004\072\004\065\000\040\000F\000B\000D}{section.2.3}% 16
\BOOKMARK [1][-]{section.2.4}{\376\377\000B\000e\000r\000e\000m\000i\000z\000:\000\040\004\040\004\103\004\072\004\076\004\062\004\076\004\064\004\101\004\102\004\062\004\076\000\040\004\100\004\060\004\067\004\100\004\060\004\061\004\076\004\102\004\107\004\070\004\072\004\060}{chapter.2}% 17
\BOOKMARK [2][-]{subsection.2.4.1}{\376\377\004\024\004\076\004\072\004\103\004\074\004\065\004\075\004\102\004\060\004\106\004\070\004\117\000\040\000s\000o\000f\000t\000P\000L\000C}{section.2.4}% 18
\BOOKMARK [1][-]{section.2.5}{\376\377\004\043\004\107\004\060\004\101\004\102\004\070\004\065\000\040\004\062\000\040\004\100\004\060\004\067\004\100\004\060\004\061\004\076\004\102\004\072\004\065\000\040\004\064\004\076\004\072\004\103\004\074\004\065\004\075\004\102\004\060\004\106\004\070\004\070}{chapter.2}% 19
\BOOKMARK [2][-]{subsection.2.5.1}{\376\377\004\021\004\113\004\101\004\102\004\100\004\113\004\071\000\040\004\101\004\102\004\060\004\100\004\102}{section.2.5}% 20
\BOOKMARK [2][-]{subsection.2.5.2}{\376\377\004\035\004\060\004\101\004\102\004\100\004\076\004\071\004\072\004\060\000\040\004\076\004\072\004\100\004\103\004\066\004\065\004\075\004\070\004\117\000\040\004\070\000\040\004\101\004\061\004\076\004\100\004\072\004\060\000\040\004\064\004\076\004\072\004\103\004\074\004\065\004\075\004\102\004\060\004\106\004\070\004\070}{section.2.5}% 21
\BOOKMARK [2][-]{subsection.2.5.3}{\376\377\000T\000O\000D\000O}{section.2.5}% 22
\BOOKMARK [0][-]{section*.230}{\376\377\004\020\004\073\004\104\004\060\004\062\004\070\004\102\004\075\004\113\004\071\000\040\004\103\004\072\004\060\004\067\004\060\004\102\004\065\004\073\004\114}{}% 23
